Drill Listing
=============
Drill: .00984  Tool: 1  Feed: 0  Speed: 0
X 1955253  Y 1403553
X 1964503  Y 1403553
X 1974003  Y 1403553
X 1962253  Y 1410803
X 1975253  Y 1410803
X 1954503  Y 1414303
X 1973253  Y 1416803
X 1954503  Y 1418803
X 1958003  Y 1420303
X 1978253  Y 1423303
X 1975253  Y 1427053
X 1954253  Y 1429053
X 1965003  Y 1437053
X 1969753  Y 1437053
X 1959753  Y 1437053
X 1954003  Y 1440053
X 1968753  Y 1440803
X 1971003  Y 1442053
X 1968753  Y 1443303
X 1964003  Y 1445053
X 1972503  Y 1447053
X 1954003  Y 1450303
X 1964003  Y 1457303
X 1972503  Y 1457303
X 1954003  Y 1460303
X 1972503  Y 1465303
X 1959253  Y 1467053
X 1961753  Y 1467053
X 1954003  Y 1470053
X 1954003  Y 1476553
X 1968503  Y 1484053
X 1960003  Y 1484053
X 1977003  Y 1484053
X 1982753  Y 1476553
X 1981003  Y 1467553
X 1983003  Y 1461053
X 1983003  Y 1452553
X 1983003  Y 1443053
X 1983003  Y 1433053
X 1983003  Y 1418303
X 1983003  Y 1414553
X 1981503  Y 1403553

Drill: .01  Tool: 2  Feed: 95  Speed: 300
X 1962003  Y 1428553
X 1962003  Y 1431053

Drill: .02362  Tool: 3  Feed: 197  Speed: 550
X 1954429  Y 1422244 X 1954429  Y 1425393
X 1982578  Y 1422244 X 1982578  Y 1425393
X 1954429  Y 1407677 X 1954429  Y 1410826
X 1982578  Y 1407677 X 1982578  Y 1410826

Drill: .02362  Tool: 4  Feed: 197  Speed: 550
X 1960629  Y 1417757
X 1976377  Y 1417757

End of Listing
