Drill Listing
=============
Drill: .00984  Tool: 1  Feed: 0  Speed: 0
X 2003003  Y 1427303
X 1994753  Y 1427303
X 2013253  Y 1427303
X 2015503  Y 1434803
X 2003753  Y 1435053
X 1994503  Y 1437803
X 2013503  Y 1440803
X 1994503  Y 1442303
X 1998253  Y 1444053
X 2015503  Y 1450553
X 1994003  Y 1452553
X 2012003  Y 1458303
X 2000503  Y 1460553
X 1994003  Y 1460553
X 2004753  Y 1460553
X 2009003  Y 1461553
X 2011253  Y 1462553
X 2009003  Y 1464303
X 2013003  Y 1466303
X 2008503  Y 1466803
X 2001753  Y 1467053
X 1999253  Y 1467053
X 1994003  Y 1469053
X 1994003  Y 1477303
X 2000503  Y 1484803
X 2008503  Y 1484803
X 2016503  Y 1484803
X 2023503  Y 1477303
X 2023503  Y 1465553
X 2020503  Y 1459803
X 2023253  Y 1452803
X 2022753  Y 1442303
X 2022753  Y 1438053
X 2022503  Y 1427303

Drill: .01  Tool: 2  Feed: 95  Speed: 300
X 2002253  Y 1451553
X 2002253  Y 1454303

Drill: .02362  Tool: 3  Feed: 197  Speed: 550
X 1994586  Y 1445866 X 1994586  Y 1449015
X 2022736  Y 1445866 X 2022736  Y 1449015
X 1994586  Y 1431299 X 1994586  Y 1434448
X 2022736  Y 1431299 X 2022736  Y 1434448

Drill: .02362  Tool: 4  Feed: 197  Speed: 550
X 2000787  Y 1441379
X 2016535  Y 1441379

End of Listing
